f:\documents\visual studio 2019\project\speexdemo\project\decoder_demo\libspeex\debug\libspeex.pdb
f:\documents\visual studio 2019\project\speexdemo\project\decoder_demo\libspeex\debug\libspeex.idb
f:\documents\visual studio 2019\project\speexdemo\project\decoder_demo\libspeex\debug\kiss_fftr.obj
f:\documents\visual studio 2019\project\speexdemo\project\decoder_demo\libspeex\debug\lpc.obj
f:\documents\visual studio 2019\project\speexdemo\project\decoder_demo\libspeex\debug\lsp.obj
f:\documents\visual studio 2019\project\speexdemo\project\decoder_demo\libspeex\debug\lsp_tables_nb.obj
f:\documents\visual studio 2019\project\speexdemo\project\decoder_demo\libspeex\debug\ltp.obj
f:\documents\visual studio 2019\project\speexdemo\project\decoder_demo\libspeex\debug\mdf.obj
f:\documents\visual studio 2019\project\speexdemo\project\decoder_demo\libspeex\debug\modes.obj
f:\documents\visual studio 2019\project\speexdemo\project\decoder_demo\libspeex\debug\modes_wb.obj
f:\documents\visual studio 2019\project\speexdemo\project\decoder_demo\libspeex\debug\nb_celp.obj
f:\documents\visual studio 2019\project\speexdemo\project\decoder_demo\libspeex\debug\preprocess.obj
f:\documents\visual studio 2019\project\speexdemo\project\decoder_demo\libspeex\debug\quant_lsp.obj
f:\documents\visual studio 2019\project\speexdemo\project\decoder_demo\libspeex\debug\sb_celp.obj
f:\documents\visual studio 2019\project\speexdemo\project\decoder_demo\libspeex\debug\smallft.obj
f:\documents\visual studio 2019\project\speexdemo\project\decoder_demo\libspeex\debug\speex.obj
f:\documents\visual studio 2019\project\speexdemo\project\decoder_demo\libspeex\debug\speex_callbacks.obj
f:\documents\visual studio 2019\project\speexdemo\project\decoder_demo\libspeex\debug\speex_header.obj
f:\documents\visual studio 2019\project\speexdemo\project\decoder_demo\libspeex\debug\stereo.obj
f:\documents\visual studio 2019\project\speexdemo\project\decoder_demo\libspeex\debug\vbr.obj
f:\documents\visual studio 2019\project\speexdemo\project\decoder_demo\libspeex\debug\vq.obj
f:\documents\visual studio 2019\project\speexdemo\project\decoder_demo\libspeex\debug\window.obj
f:\documents\visual studio 2019\project\speexdemo\project\decoder_demo\libspeex\debug\bits.obj
f:\documents\visual studio 2019\project\speexdemo\project\decoder_demo\libspeex\debug\cb_search.obj
f:\documents\visual studio 2019\project\speexdemo\project\decoder_demo\libspeex\debug\exc_10_16_table.obj
f:\documents\visual studio 2019\project\speexdemo\project\decoder_demo\libspeex\debug\exc_10_32_table.obj
f:\documents\visual studio 2019\project\speexdemo\project\decoder_demo\libspeex\debug\exc_20_32_table.obj
f:\documents\visual studio 2019\project\speexdemo\project\decoder_demo\libspeex\debug\exc_5_256_table.obj
f:\documents\visual studio 2019\project\speexdemo\project\decoder_demo\libspeex\debug\exc_5_64_table.obj
f:\documents\visual studio 2019\project\speexdemo\project\decoder_demo\libspeex\debug\exc_8_128_table.obj
f:\documents\visual studio 2019\project\speexdemo\project\decoder_demo\libspeex\debug\fftwrap.obj
f:\documents\visual studio 2019\project\speexdemo\project\decoder_demo\libspeex\debug\filterbank.obj
f:\documents\visual studio 2019\project\speexdemo\project\decoder_demo\libspeex\debug\filters.obj
f:\documents\visual studio 2019\project\speexdemo\project\decoder_demo\libspeex\debug\gain_table.obj
f:\documents\visual studio 2019\project\speexdemo\project\decoder_demo\libspeex\debug\gain_table_lbr.obj
f:\documents\visual studio 2019\project\speexdemo\project\decoder_demo\libspeex\debug\hexc_10_32_table.obj
f:\documents\visual studio 2019\project\speexdemo\project\decoder_demo\libspeex\debug\hexc_table.obj
f:\documents\visual studio 2019\project\speexdemo\project\decoder_demo\libspeex\debug\high_lsp_tables.obj
f:\documents\visual studio 2019\project\speexdemo\project\decoder_demo\libspeex\debug\jitter.obj
f:\documents\visual studio 2019\project\speexdemo\project\decoder_demo\libspeex\debug\kiss_fft.obj
f:\documents\visual studio 2019\project\speexdemo\project\decoder_demo\debug\libspeex.lib
f:\documents\visual studio 2019\project\speexdemo\project\decoder_demo\libspeex\debug\vcpkg.applocal.log
f:\documents\visual studio 2019\project\speexdemo\project\decoder_demo\debug\libspeex.pdb
f:\documents\visual studio 2019\project\speexdemo\project\decoder_demo\libspeex\debug\libspeex.tlog\cl.command.1.tlog
f:\documents\visual studio 2019\project\speexdemo\project\decoder_demo\libspeex\debug\libspeex.tlog\cl.read.1.tlog
f:\documents\visual studio 2019\project\speexdemo\project\decoder_demo\libspeex\debug\libspeex.tlog\cl.write.1.tlog
f:\documents\visual studio 2019\project\speexdemo\project\decoder_demo\libspeex\debug\libspeex.tlog\lib-link.read.1.tlog
f:\documents\visual studio 2019\project\speexdemo\project\decoder_demo\libspeex\debug\libspeex.tlog\lib-link.write.1.tlog
f:\documents\visual studio 2019\project\speexdemo\project\decoder_demo\libspeex\debug\libspeex.tlog\lib.command.1.tlog
f:\documents\visual studio 2019\project\speexdemo\project\decoder_demo\libspeex\debug\libspeex.tlog\libspeex.write.1u.tlog
