f:\documents\visual studio 2019\project\speexdemo\project\encoder_demo\libspeex\debug_rtl_dll\libspeex.pdb
f:\documents\visual studio 2019\project\speexdemo\project\encoder_demo\libspeex\debug_rtl_dll\libspeex.idb
f:\documents\visual studio 2019\project\speexdemo\project\encoder_demo\libspeex\debug_rtl_dll\kiss_fftr.obj
f:\documents\visual studio 2019\project\speexdemo\project\encoder_demo\libspeex\debug_rtl_dll\lpc.obj
f:\documents\visual studio 2019\project\speexdemo\project\encoder_demo\libspeex\debug_rtl_dll\lsp.obj
f:\documents\visual studio 2019\project\speexdemo\project\encoder_demo\libspeex\debug_rtl_dll\lsp_tables_nb.obj
f:\documents\visual studio 2019\project\speexdemo\project\encoder_demo\libspeex\debug_rtl_dll\ltp.obj
f:\documents\visual studio 2019\project\speexdemo\project\encoder_demo\libspeex\debug_rtl_dll\mdf.obj
f:\documents\visual studio 2019\project\speexdemo\project\encoder_demo\libspeex\debug_rtl_dll\modes.obj
f:\documents\visual studio 2019\project\speexdemo\project\encoder_demo\libspeex\debug_rtl_dll\modes_wb.obj
f:\documents\visual studio 2019\project\speexdemo\project\encoder_demo\libspeex\debug_rtl_dll\nb_celp.obj
f:\documents\visual studio 2019\project\speexdemo\project\encoder_demo\libspeex\debug_rtl_dll\preprocess.obj
f:\documents\visual studio 2019\project\speexdemo\project\encoder_demo\libspeex\debug_rtl_dll\quant_lsp.obj
f:\documents\visual studio 2019\project\speexdemo\project\encoder_demo\libspeex\debug_rtl_dll\sb_celp.obj
f:\documents\visual studio 2019\project\speexdemo\project\encoder_demo\libspeex\debug_rtl_dll\smallft.obj
f:\documents\visual studio 2019\project\speexdemo\project\encoder_demo\libspeex\debug_rtl_dll\speex.obj
f:\documents\visual studio 2019\project\speexdemo\project\encoder_demo\libspeex\debug_rtl_dll\speex_callbacks.obj
f:\documents\visual studio 2019\project\speexdemo\project\encoder_demo\libspeex\debug_rtl_dll\speex_header.obj
f:\documents\visual studio 2019\project\speexdemo\project\encoder_demo\libspeex\debug_rtl_dll\stereo.obj
f:\documents\visual studio 2019\project\speexdemo\project\encoder_demo\libspeex\debug_rtl_dll\vbr.obj
f:\documents\visual studio 2019\project\speexdemo\project\encoder_demo\libspeex\debug_rtl_dll\vq.obj
f:\documents\visual studio 2019\project\speexdemo\project\encoder_demo\libspeex\debug_rtl_dll\window.obj
f:\documents\visual studio 2019\project\speexdemo\project\encoder_demo\libspeex\debug_rtl_dll\bits.obj
f:\documents\visual studio 2019\project\speexdemo\project\encoder_demo\libspeex\debug_rtl_dll\cb_search.obj
f:\documents\visual studio 2019\project\speexdemo\project\encoder_demo\libspeex\debug_rtl_dll\exc_10_16_table.obj
f:\documents\visual studio 2019\project\speexdemo\project\encoder_demo\libspeex\debug_rtl_dll\exc_10_32_table.obj
f:\documents\visual studio 2019\project\speexdemo\project\encoder_demo\libspeex\debug_rtl_dll\exc_20_32_table.obj
f:\documents\visual studio 2019\project\speexdemo\project\encoder_demo\libspeex\debug_rtl_dll\exc_5_256_table.obj
f:\documents\visual studio 2019\project\speexdemo\project\encoder_demo\libspeex\debug_rtl_dll\exc_5_64_table.obj
f:\documents\visual studio 2019\project\speexdemo\project\encoder_demo\libspeex\debug_rtl_dll\exc_8_128_table.obj
f:\documents\visual studio 2019\project\speexdemo\project\encoder_demo\libspeex\debug_rtl_dll\fftwrap.obj
f:\documents\visual studio 2019\project\speexdemo\project\encoder_demo\libspeex\debug_rtl_dll\filterbank.obj
f:\documents\visual studio 2019\project\speexdemo\project\encoder_demo\libspeex\debug_rtl_dll\filters.obj
f:\documents\visual studio 2019\project\speexdemo\project\encoder_demo\libspeex\debug_rtl_dll\gain_table.obj
f:\documents\visual studio 2019\project\speexdemo\project\encoder_demo\libspeex\debug_rtl_dll\gain_table_lbr.obj
f:\documents\visual studio 2019\project\speexdemo\project\encoder_demo\libspeex\debug_rtl_dll\hexc_10_32_table.obj
f:\documents\visual studio 2019\project\speexdemo\project\encoder_demo\libspeex\debug_rtl_dll\hexc_table.obj
f:\documents\visual studio 2019\project\speexdemo\project\encoder_demo\libspeex\debug_rtl_dll\high_lsp_tables.obj
f:\documents\visual studio 2019\project\speexdemo\project\encoder_demo\libspeex\debug_rtl_dll\jitter.obj
f:\documents\visual studio 2019\project\speexdemo\project\encoder_demo\libspeex\debug_rtl_dll\kiss_fft.obj
f:\documents\visual studio 2019\project\speexdemo\project\encoder_demo\libspeex\debug_rtl_dll\libspeex.lib
f:\documents\visual studio 2019\project\speexdemo\project\encoder_demo\libspeex\debug_rtl_dll\vcpkg.applocal.log
f:\documents\visual studio 2019\project\speexdemo\project\encoder_demo\libspeex\debug_rtl_dll\libspeex.tlog\cl.command.1.tlog
f:\documents\visual studio 2019\project\speexdemo\project\encoder_demo\libspeex\debug_rtl_dll\libspeex.tlog\cl.read.1.tlog
f:\documents\visual studio 2019\project\speexdemo\project\encoder_demo\libspeex\debug_rtl_dll\libspeex.tlog\cl.write.1.tlog
f:\documents\visual studio 2019\project\speexdemo\project\encoder_demo\libspeex\debug_rtl_dll\libspeex.tlog\lib-link.read.1.tlog
f:\documents\visual studio 2019\project\speexdemo\project\encoder_demo\libspeex\debug_rtl_dll\libspeex.tlog\lib-link.write.1.tlog
f:\documents\visual studio 2019\project\speexdemo\project\encoder_demo\libspeex\debug_rtl_dll\libspeex.tlog\lib.command.1.tlog
f:\documents\visual studio 2019\project\speexdemo\project\encoder_demo\libspeex\debug_rtl_dll\libspeex.tlog\libspeex.write.1u.tlog
