f:\documents\visual studio 2019\project\speexdemo\project\decoder_demo\speexdec\debug\vc142.pdb
f:\documents\visual studio 2019\project\speexdemo\project\decoder_demo\speexdec\debug\vc142.idb
f:\documents\visual studio 2019\project\speexdemo\project\decoder_demo\speexdec\debug\getopt.obj
f:\documents\visual studio 2019\project\speexdemo\project\decoder_demo\speexdec\debug\getopt1.obj
f:\documents\visual studio 2019\project\speexdemo\project\decoder_demo\speexdec\debug\skeleton.obj
f:\documents\visual studio 2019\project\speexdemo\project\decoder_demo\speexdec\debug\speexdec.obj
f:\documents\visual studio 2019\project\speexdemo\project\decoder_demo\speexdec\debug\wave_out.obj
f:\documents\visual studio 2019\project\speexdemo\project\decoder_demo\speexdec\debug\wav_io.obj
f:\documents\visual studio 2019\project\speexdemo\project\decoder_demo\debug\speexdec.ilk
f:\documents\visual studio 2019\project\speexdemo\project\decoder_demo\debug\speexdec.exe
f:\documents\visual studio 2019\project\speexdemo\project\decoder_demo\debug\speexenc.pdb
f:\documents\visual studio 2019\project\speexdemo\project\decoder_demo\speexdec\debug\vcpkg.applocal.log
f:\documents\visual studio 2019\project\speexdemo\project\decoder_demo\debug\libspeexd.dll
f:\documents\visual studio 2019\project\speexdemo\project\decoder_demo\debug\ogg.dll
f:\documents\visual studio 2019\project\speexdemo\project\decoder_demo\speexdec\debug\speexdec.tlog\cl.command.1.tlog
f:\documents\visual studio 2019\project\speexdemo\project\decoder_demo\speexdec\debug\speexdec.tlog\cl.read.1.tlog
f:\documents\visual studio 2019\project\speexdemo\project\decoder_demo\speexdec\debug\speexdec.tlog\cl.write.1.tlog
f:\documents\visual studio 2019\project\speexdemo\project\decoder_demo\speexdec\debug\speexdec.tlog\link.command.1.tlog
f:\documents\visual studio 2019\project\speexdemo\project\decoder_demo\speexdec\debug\speexdec.tlog\link.read.1.tlog
f:\documents\visual studio 2019\project\speexdemo\project\decoder_demo\speexdec\debug\speexdec.tlog\link.write.1.tlog
f:\documents\visual studio 2019\project\speexdemo\project\decoder_demo\speexdec\debug\speexdec.tlog\speexdec.write.1u.tlog
