f:\documents\visual studio 2019\project\speexdemo\project\encoder_demo\speexenc\debug\vc142.pdb
f:\documents\visual studio 2019\project\speexdemo\project\encoder_demo\speexenc\debug\vc142.idb
f:\documents\visual studio 2019\project\speexdemo\project\encoder_demo\speexenc\debug\wav_io.obj
f:\documents\visual studio 2019\project\speexdemo\project\encoder_demo\speexenc\debug\wave_out.obj
f:\documents\visual studio 2019\project\speexdemo\project\encoder_demo\speexenc\debug\speexenc.obj
f:\documents\visual studio 2019\project\speexdemo\project\encoder_demo\speexenc\debug\skeleton.obj
f:\documents\visual studio 2019\project\speexdemo\project\encoder_demo\speexenc\debug\getopt1.obj
f:\documents\visual studio 2019\project\speexdemo\project\encoder_demo\speexenc\debug\getopt.obj
f:\documents\visual studio 2019\project\speexdemo\project\encoder_demo\debug\speexenc.ilk
f:\documents\visual studio 2019\project\speexdemo\project\encoder_demo\debug\speexenc.exe
f:\documents\visual studio 2019\project\speexdemo\project\encoder_demo\debug\speexenc.pdb
f:\documents\visual studio 2019\project\speexdemo\project\encoder_demo\speexenc\debug\vcpkg.applocal.log
f:\documents\visual studio 2019\project\speexdemo\project\encoder_demo\debug\libspeexd.dll
f:\documents\visual studio 2019\project\speexdemo\project\encoder_demo\debug\libspeexdsp.dll
f:\documents\visual studio 2019\project\speexdemo\project\encoder_demo\debug\ogg.dll
f:\documents\visual studio 2019\project\speexdemo\project\encoder_demo\speexenc\debug\speexenc.tlog\cl.command.1.tlog
f:\documents\visual studio 2019\project\speexdemo\project\encoder_demo\speexenc\debug\speexenc.tlog\cl.read.1.tlog
f:\documents\visual studio 2019\project\speexdemo\project\encoder_demo\speexenc\debug\speexenc.tlog\cl.write.1.tlog
f:\documents\visual studio 2019\project\speexdemo\project\encoder_demo\speexenc\debug\speexenc.tlog\link.command.1.tlog
f:\documents\visual studio 2019\project\speexdemo\project\encoder_demo\speexenc\debug\speexenc.tlog\link.read.1.tlog
f:\documents\visual studio 2019\project\speexdemo\project\encoder_demo\speexenc\debug\speexenc.tlog\link.write.1.tlog
f:\documents\visual studio 2019\project\speexdemo\project\encoder_demo\speexenc\debug\speexenc.tlog\speexenc.write.1u.tlog
